  PreXifrat.cpp
C:\Users\socia\Documents\GitHub\ENIGMA 2026\ENIGMA_OmellaLluc_CendoyaAndualemLuis\ENIGMA_OmellaLluc_CendoyaAndualemLuis\ENIGMA_OmellaLluc_CendoyaAndualemLuis\const.h(27,31): warning C4309: 'inicializando': truncamiento de valor constante
  (compilando archivo de origen "PreXifrat.cpp")
  
C:\Users\socia\Documents\GitHub\ENIGMA 2026\ENIGMA_OmellaLluc_CendoyaAndualemLuis\ENIGMA_OmellaLluc_CendoyaAndualemLuis\ENIGMA_OmellaLluc_CendoyaAndualemLuis\const.h(28,30): warning C4309: 'inicializando': truncamiento de valor constante
  (compilando archivo de origen "PreXifrat.cpp")
  
C:\Users\socia\Documents\GitHub\ENIGMA 2026\ENIGMA_OmellaLluc_CendoyaAndualemLuis\ENIGMA_OmellaLluc_CendoyaAndualemLuis\ENIGMA_OmellaLluc_CendoyaAndualemLuis\const.h(29,31): warning C4309: 'inicializando': truncamiento de valor constante
  (compilando archivo de origen "PreXifrat.cpp")
  
C:\Users\socia\Documents\GitHub\ENIGMA 2026\ENIGMA_OmellaLluc_CendoyaAndualemLuis\ENIGMA_OmellaLluc_CendoyaAndualemLuis\ENIGMA_OmellaLluc_CendoyaAndualemLuis\const.h(30,30): warning C4309: 'inicializando': truncamiento de valor constante
  (compilando archivo de origen "PreXifrat.cpp")
  
C:\Users\socia\Documents\GitHub\ENIGMA 2026\ENIGMA_OmellaLluc_CendoyaAndualemLuis\ENIGMA_OmellaLluc_CendoyaAndualemLuis\ENIGMA_OmellaLluc_CendoyaAndualemLuis\const.h(33,31): warning C4309: 'inicializando': truncamiento de valor constante
  (compilando archivo de origen "PreXifrat.cpp")
  
C:\Users\socia\Documents\GitHub\ENIGMA 2026\ENIGMA_OmellaLluc_CendoyaAndualemLuis\ENIGMA_OmellaLluc_CendoyaAndualemLuis\ENIGMA_OmellaLluc_CendoyaAndualemLuis\const.h(34,30): warning C4309: 'inicializando': truncamiento de valor constante
  (compilando archivo de origen "PreXifrat.cpp")
  
C:\Users\socia\Documents\GitHub\ENIGMA 2026\ENIGMA_OmellaLluc_CendoyaAndualemLuis\ENIGMA_OmellaLluc_CendoyaAndualemLuis\ENIGMA_OmellaLluc_CendoyaAndualemLuis\const.h(35,31): warning C4309: 'inicializando': truncamiento de valor constante
  (compilando archivo de origen "PreXifrat.cpp")
  
C:\Users\socia\Documents\GitHub\ENIGMA 2026\ENIGMA_OmellaLluc_CendoyaAndualemLuis\ENIGMA_OmellaLluc_CendoyaAndualemLuis\ENIGMA_OmellaLluc_CendoyaAndualemLuis\const.h(36,30): warning C4309: 'inicializando': truncamiento de valor constante
  (compilando archivo de origen "PreXifrat.cpp")
  
C:\Users\socia\Documents\GitHub\ENIGMA 2026\ENIGMA_OmellaLluc_CendoyaAndualemLuis\ENIGMA_OmellaLluc_CendoyaAndualemLuis\ENIGMA_OmellaLluc_CendoyaAndualemLuis\const.h(39,31): warning C4309: 'inicializando': truncamiento de valor constante
  (compilando archivo de origen "PreXifrat.cpp")
  
C:\Users\socia\Documents\GitHub\ENIGMA 2026\ENIGMA_OmellaLluc_CendoyaAndualemLuis\ENIGMA_OmellaLluc_CendoyaAndualemLuis\ENIGMA_OmellaLluc_CendoyaAndualemLuis\const.h(40,30): warning C4309: 'inicializando': truncamiento de valor constante
  (compilando archivo de origen "PreXifrat.cpp")
  
C:\Users\socia\Documents\GitHub\ENIGMA 2026\ENIGMA_OmellaLluc_CendoyaAndualemLuis\ENIGMA_OmellaLluc_CendoyaAndualemLuis\ENIGMA_OmellaLluc_CendoyaAndualemLuis\const.h(41,31): warning C4309: 'inicializando': truncamiento de valor constante
  (compilando archivo de origen "PreXifrat.cpp")
  
C:\Users\socia\Documents\GitHub\ENIGMA 2026\ENIGMA_OmellaLluc_CendoyaAndualemLuis\ENIGMA_OmellaLluc_CendoyaAndualemLuis\ENIGMA_OmellaLluc_CendoyaAndualemLuis\const.h(42,30): warning C4309: 'inicializando': truncamiento de valor constante
  (compilando archivo de origen "PreXifrat.cpp")
  
C:\Users\socia\Documents\GitHub\ENIGMA 2026\ENIGMA_OmellaLluc_CendoyaAndualemLuis\ENIGMA_OmellaLluc_CendoyaAndualemLuis\ENIGMA_OmellaLluc_CendoyaAndualemLuis\const.h(45,31): warning C4309: 'inicializando': truncamiento de valor constante
  (compilando archivo de origen "PreXifrat.cpp")
  
C:\Users\socia\Documents\GitHub\ENIGMA 2026\ENIGMA_OmellaLluc_CendoyaAndualemLuis\ENIGMA_OmellaLluc_CendoyaAndualemLuis\ENIGMA_OmellaLluc_CendoyaAndualemLuis\const.h(46,30): warning C4309: 'inicializando': truncamiento de valor constante
  (compilando archivo de origen "PreXifrat.cpp")
  
C:\Users\socia\Documents\GitHub\ENIGMA 2026\ENIGMA_OmellaLluc_CendoyaAndualemLuis\ENIGMA_OmellaLluc_CendoyaAndualemLuis\ENIGMA_OmellaLluc_CendoyaAndualemLuis\const.h(47,31): warning C4309: 'inicializando': truncamiento de valor constante
  (compilando archivo de origen "PreXifrat.cpp")
  
C:\Users\socia\Documents\GitHub\ENIGMA 2026\ENIGMA_OmellaLluc_CendoyaAndualemLuis\ENIGMA_OmellaLluc_CendoyaAndualemLuis\ENIGMA_OmellaLluc_CendoyaAndualemLuis\const.h(48,30): warning C4309: 'inicializando': truncamiento de valor constante
  (compilando archivo de origen "PreXifrat.cpp")
  
C:\Users\socia\Documents\GitHub\ENIGMA 2026\ENIGMA_OmellaLluc_CendoyaAndualemLuis\ENIGMA_OmellaLluc_CendoyaAndualemLuis\ENIGMA_OmellaLluc_CendoyaAndualemLuis\const.h(51,31): warning C4309: 'inicializando': truncamiento de valor constante
  (compilando archivo de origen "PreXifrat.cpp")
  
C:\Users\socia\Documents\GitHub\ENIGMA 2026\ENIGMA_OmellaLluc_CendoyaAndualemLuis\ENIGMA_OmellaLluc_CendoyaAndualemLuis\ENIGMA_OmellaLluc_CendoyaAndualemLuis\const.h(52,30): warning C4309: 'inicializando': truncamiento de valor constante
  (compilando archivo de origen "PreXifrat.cpp")
  
C:\Users\socia\Documents\GitHub\ENIGMA 2026\ENIGMA_OmellaLluc_CendoyaAndualemLuis\ENIGMA_OmellaLluc_CendoyaAndualemLuis\ENIGMA_OmellaLluc_CendoyaAndualemLuis\const.h(53,31): warning C4309: 'inicializando': truncamiento de valor constante
  (compilando archivo de origen "PreXifrat.cpp")
  
C:\Users\socia\Documents\GitHub\ENIGMA 2026\ENIGMA_OmellaLluc_CendoyaAndualemLuis\ENIGMA_OmellaLluc_CendoyaAndualemLuis\ENIGMA_OmellaLluc_CendoyaAndualemLuis\const.h(54,30): warning C4309: 'inicializando': truncamiento de valor constante
  (compilando archivo de origen "PreXifrat.cpp")
  
  Xifrat.cpp
C:\Users\socia\Documents\GitHub\ENIGMA 2026\ENIGMA_OmellaLluc_CendoyaAndualemLuis\ENIGMA_OmellaLluc_CendoyaAndualemLuis\ENIGMA_OmellaLluc_CendoyaAndualemLuis\const.h(27,31): warning C4309: 'inicializando': truncamiento de valor constante
  (compilando archivo de origen "Xifrat.cpp")
  
C:\Users\socia\Documents\GitHub\ENIGMA 2026\ENIGMA_OmellaLluc_CendoyaAndualemLuis\ENIGMA_OmellaLluc_CendoyaAndualemLuis\ENIGMA_OmellaLluc_CendoyaAndualemLuis\const.h(28,30): warning C4309: 'inicializando': truncamiento de valor constante
  (compilando archivo de origen "Xifrat.cpp")
  
C:\Users\socia\Documents\GitHub\ENIGMA 2026\ENIGMA_OmellaLluc_CendoyaAndualemLuis\ENIGMA_OmellaLluc_CendoyaAndualemLuis\ENIGMA_OmellaLluc_CendoyaAndualemLuis\const.h(29,31): warning C4309: 'inicializando': truncamiento de valor constante
  (compilando archivo de origen "Xifrat.cpp")
  
C:\Users\socia\Documents\GitHub\ENIGMA 2026\ENIGMA_OmellaLluc_CendoyaAndualemLuis\ENIGMA_OmellaLluc_CendoyaAndualemLuis\ENIGMA_OmellaLluc_CendoyaAndualemLuis\const.h(30,30): warning C4309: 'inicializando': truncamiento de valor constante
  (compilando archivo de origen "Xifrat.cpp")
  
C:\Users\socia\Documents\GitHub\ENIGMA 2026\ENIGMA_OmellaLluc_CendoyaAndualemLuis\ENIGMA_OmellaLluc_CendoyaAndualemLuis\ENIGMA_OmellaLluc_CendoyaAndualemLuis\const.h(33,31): warning C4309: 'inicializando': truncamiento de valor constante
  (compilando archivo de origen "Xifrat.cpp")
  
C:\Users\socia\Documents\GitHub\ENIGMA 2026\ENIGMA_OmellaLluc_CendoyaAndualemLuis\ENIGMA_OmellaLluc_CendoyaAndualemLuis\ENIGMA_OmellaLluc_CendoyaAndualemLuis\const.h(34,30): warning C4309: 'inicializando': truncamiento de valor constante
  (compilando archivo de origen "Xifrat.cpp")
  
C:\Users\socia\Documents\GitHub\ENIGMA 2026\ENIGMA_OmellaLluc_CendoyaAndualemLuis\ENIGMA_OmellaLluc_CendoyaAndualemLuis\ENIGMA_OmellaLluc_CendoyaAndualemLuis\const.h(35,31): warning C4309: 'inicializando': truncamiento de valor constante
  (compilando archivo de origen "Xifrat.cpp")
  
C:\Users\socia\Documents\GitHub\ENIGMA 2026\ENIGMA_OmellaLluc_CendoyaAndualemLuis\ENIGMA_OmellaLluc_CendoyaAndualemLuis\ENIGMA_OmellaLluc_CendoyaAndualemLuis\const.h(36,30): warning C4309: 'inicializando': truncamiento de valor constante
  (compilando archivo de origen "Xifrat.cpp")
  
C:\Users\socia\Documents\GitHub\ENIGMA 2026\ENIGMA_OmellaLluc_CendoyaAndualemLuis\ENIGMA_OmellaLluc_CendoyaAndualemLuis\ENIGMA_OmellaLluc_CendoyaAndualemLuis\const.h(39,31): warning C4309: 'inicializando': truncamiento de valor constante
  (compilando archivo de origen "Xifrat.cpp")
  
C:\Users\socia\Documents\GitHub\ENIGMA 2026\ENIGMA_OmellaLluc_CendoyaAndualemLuis\ENIGMA_OmellaLluc_CendoyaAndualemLuis\ENIGMA_OmellaLluc_CendoyaAndualemLuis\const.h(40,30): warning C4309: 'inicializando': truncamiento de valor constante
  (compilando archivo de origen "Xifrat.cpp")
  
C:\Users\socia\Documents\GitHub\ENIGMA 2026\ENIGMA_OmellaLluc_CendoyaAndualemLuis\ENIGMA_OmellaLluc_CendoyaAndualemLuis\ENIGMA_OmellaLluc_CendoyaAndualemLuis\const.h(41,31): warning C4309: 'inicializando': truncamiento de valor constante
  (compilando archivo de origen "Xifrat.cpp")
  
C:\Users\socia\Documents\GitHub\ENIGMA 2026\ENIGMA_OmellaLluc_CendoyaAndualemLuis\ENIGMA_OmellaLluc_CendoyaAndualemLuis\ENIGMA_OmellaLluc_CendoyaAndualemLuis\const.h(42,30): warning C4309: 'inicializando': truncamiento de valor constante
  (compilando archivo de origen "Xifrat.cpp")
  
C:\Users\socia\Documents\GitHub\ENIGMA 2026\ENIGMA_OmellaLluc_CendoyaAndualemLuis\ENIGMA_OmellaLluc_CendoyaAndualemLuis\ENIGMA_OmellaLluc_CendoyaAndualemLuis\const.h(45,31): warning C4309: 'inicializando': truncamiento de valor constante
  (compilando archivo de origen "Xifrat.cpp")
  
C:\Users\socia\Documents\GitHub\ENIGMA 2026\ENIGMA_OmellaLluc_CendoyaAndualemLuis\ENIGMA_OmellaLluc_CendoyaAndualemLuis\ENIGMA_OmellaLluc_CendoyaAndualemLuis\const.h(46,30): warning C4309: 'inicializando': truncamiento de valor constante
  (compilando archivo de origen "Xifrat.cpp")
  
C:\Users\socia\Documents\GitHub\ENIGMA 2026\ENIGMA_OmellaLluc_CendoyaAndualemLuis\ENIGMA_OmellaLluc_CendoyaAndualemLuis\ENIGMA_OmellaLluc_CendoyaAndualemLuis\const.h(47,31): warning C4309: 'inicializando': truncamiento de valor constante
  (compilando archivo de origen "Xifrat.cpp")
  
C:\Users\socia\Documents\GitHub\ENIGMA 2026\ENIGMA_OmellaLluc_CendoyaAndualemLuis\ENIGMA_OmellaLluc_CendoyaAndualemLuis\ENIGMA_OmellaLluc_CendoyaAndualemLuis\const.h(48,30): warning C4309: 'inicializando': truncamiento de valor constante
  (compilando archivo de origen "Xifrat.cpp")
  
C:\Users\socia\Documents\GitHub\ENIGMA 2026\ENIGMA_OmellaLluc_CendoyaAndualemLuis\ENIGMA_OmellaLluc_CendoyaAndualemLuis\ENIGMA_OmellaLluc_CendoyaAndualemLuis\const.h(51,31): warning C4309: 'inicializando': truncamiento de valor constante
  (compilando archivo de origen "Xifrat.cpp")
  
C:\Users\socia\Documents\GitHub\ENIGMA 2026\ENIGMA_OmellaLluc_CendoyaAndualemLuis\ENIGMA_OmellaLluc_CendoyaAndualemLuis\ENIGMA_OmellaLluc_CendoyaAndualemLuis\const.h(52,30): warning C4309: 'inicializando': truncamiento de valor constante
  (compilando archivo de origen "Xifrat.cpp")
  
C:\Users\socia\Documents\GitHub\ENIGMA 2026\ENIGMA_OmellaLluc_CendoyaAndualemLuis\ENIGMA_OmellaLluc_CendoyaAndualemLuis\ENIGMA_OmellaLluc_CendoyaAndualemLuis\const.h(53,31): warning C4309: 'inicializando': truncamiento de valor constante
  (compilando archivo de origen "Xifrat.cpp")
  
C:\Users\socia\Documents\GitHub\ENIGMA 2026\ENIGMA_OmellaLluc_CendoyaAndualemLuis\ENIGMA_OmellaLluc_CendoyaAndualemLuis\ENIGMA_OmellaLluc_CendoyaAndualemLuis\const.h(54,30): warning C4309: 'inicializando': truncamiento de valor constante
  (compilando archivo de origen "Xifrat.cpp")
  
  Generando código...
  ENIGMA_OmellaLluc_CendoyaAndualemLuis.vcxproj -> C:\Users\socia\Documents\GitHub\ENIGMA 2026\ENIGMA_OmellaLluc_CendoyaAndualemLuis\ENIGMA_OmellaLluc_CendoyaAndualemLuis\x64\Debug\ENIGMA_OmellaLluc_CendoyaAndualemLuis.exe
